[2022-09-13T02:00:13.027Z] Log level: Info
[2022-09-13T02:00:13.045Z] [info] Validating found git in: git
[2022-09-13T02:00:13.087Z] [info] Using git 2.30.2 from git
[2022-09-13T02:00:13.153Z] > git rev-parse --show-toplevel [38ms]
[2022-09-13T02:00:13.153Z] fatal: not a git repository (or any of the parent directories): .git
[2022-09-13T02:00:13.194Z] > git rev-parse --show-toplevel [29ms]
[2022-09-13T02:00:13.194Z] fatal: not a git repository (or any of the parent directories): .git
[2022-09-13T02:00:13.205Z] > git rev-parse --show-toplevel [3ms]
[2022-09-13T02:00:13.206Z] fatal: not a git repository (or any of the parent directories): .git
[2022-09-13T02:00:13.217Z] > git rev-parse --show-toplevel [2ms]
[2022-09-13T02:00:13.217Z] fatal: not a git repository (or any of the parent directories): .git
[2022-09-13T02:01:12.397Z] > git rev-parse --show-toplevel [2ms]
[2022-09-13T02:01:12.397Z] fatal: not a git repository (or any of the parent directories): .git
[2022-09-13T02:12:57.541Z] > git rev-parse --show-toplevel [24ms]
[2022-09-13T02:12:57.541Z] fatal: not a git repository (or any of the parent directories): .git
[2022-09-13T02:13:24.150Z] > git rev-parse --show-toplevel [1ms]
[2022-09-13T02:13:24.151Z] fatal: not a git repository (or any of the parent directories): .git
[2022-09-13T02:13:46.412Z] > git rev-parse --show-toplevel [0ms]
[2022-09-13T02:13:46.412Z] fatal: not a git repository (or any of the parent directories): .git
[2022-09-13T02:14:51.830Z] > git rev-parse --show-toplevel [1ms]
[2022-09-13T02:14:51.830Z] fatal: not a git repository (or any of the parent directories): .git
[2022-09-13T02:15:46.604Z] > git rev-parse --show-toplevel [3ms]
[2022-09-13T02:15:46.604Z] fatal: not a git repository (or any of the parent directories): .git
[2022-09-13T02:15:56.791Z] > git rev-parse --show-toplevel [1ms]
[2022-09-13T02:15:56.791Z] fatal: not a git repository (or any of the parent directories): .git
[2022-09-13T02:15:58.335Z] > git rev-parse --show-toplevel [1ms]
[2022-09-13T02:15:58.335Z] fatal: not a git repository (or any of the parent directories): .git
[2022-09-13T02:19:34.446Z] > git rev-parse --show-toplevel [1ms]
[2022-09-13T02:19:34.446Z] fatal: not a git repository (or any of the parent directories): .git
[2022-09-13T02:19:53.961Z] > git rev-parse --show-toplevel [1ms]
[2022-09-13T02:19:53.961Z] fatal: not a git repository (or any of the parent directories): .git
[2022-09-13T02:22:21.086Z] > git rev-parse --show-toplevel [4ms]
[2022-09-13T02:22:21.086Z] fatal: not a git repository (or any of the parent directories): .git
[2022-09-13T02:29:11.143Z] > git rev-parse --show-toplevel [1ms]
[2022-09-13T02:29:11.143Z] fatal: not a git repository (or any of the parent directories): .git
[2022-09-13T02:29:11.799Z] > git rev-parse --show-toplevel [1ms]
[2022-09-13T02:29:11.800Z] fatal: not a git repository (or any of the parent directories): .git
[2022-09-13T02:31:14.319Z] > git rev-parse --show-toplevel [0ms]
[2022-09-13T02:31:14.324Z] > git rev-parse --git-dir --git-common-dir [1ms]
[2022-09-13T02:31:14.333Z] [info] Open repository: /root
[2022-09-13T02:31:14.377Z] > git status -z -uall [36ms]
[2022-09-13T02:31:14.385Z] > git symbolic-ref --short HEAD [4ms]
[2022-09-13T02:31:14.392Z] > git for-each-ref --format=%(refname)%00%(upstream:short)%00%(objectname)%00%(upstream:track)%00%(upstream:remotename)%00%(upstream:remoteref) refs/heads/master refs/remotes/master [2ms]
[2022-09-13T02:31:14.404Z] > git remote --verbose [1ms]
[2022-09-13T02:31:14.404Z] > git for-each-ref --sort -committerdate --format %(refname) %(objectname) %(*objectname) [7ms]
[2022-09-13T02:31:15.035Z] > git check-ignore -v -z --stdin [6ms]
[2022-09-13T02:31:15.037Z] > git config --get commit.template [31ms]
[2022-09-13T02:31:15.070Z] > git status -z -uall [20ms]
[2022-09-13T02:31:15.077Z] > git symbolic-ref --short HEAD [2ms]
[2022-09-13T02:31:15.087Z] > git for-each-ref --format=%(refname)%00%(upstream:short)%00%(objectname)%00%(upstream:track)%00%(upstream:remotename)%00%(upstream:remoteref) refs/heads/master refs/remotes/master [1ms]
[2022-09-13T02:31:15.109Z] > git for-each-ref --sort -committerdate --format %(refname) %(objectname) %(*objectname) [16ms]
[2022-09-13T02:31:15.109Z] > git remote --verbose [1ms]
[2022-09-13T02:31:15.197Z] > git show --textconv :gurumepy/ext_data.py [6ms]
[2022-09-13T02:31:15.197Z] > git config --get commit.template [23ms]
[2022-09-13T02:31:15.201Z] > git ls-files --stage -- /root/gurumepy/ext_data.py [5ms]
[2022-09-13T02:31:22.161Z] > git status -z -uall [20ms]
[2022-09-13T02:31:22.169Z] > git symbolic-ref --short HEAD [1ms]
[2022-09-13T02:31:22.175Z] > git for-each-ref --format=%(refname)%00%(upstream:short)%00%(objectname)%00%(upstream:track)%00%(upstream:remotename)%00%(upstream:remoteref) refs/heads/master refs/remotes/master [1ms]
[2022-09-13T02:31:22.186Z] > git for-each-ref --sort -committerdate --format %(refname) %(objectname) %(*objectname) [6ms]
[2022-09-13T02:31:22.186Z] > git remote --verbose [1ms]
[2022-09-13T02:31:22.225Z] > git config --get commit.template [1ms]
[2022-09-13T02:31:27.253Z] > git status -z -uall [21ms]
[2022-09-13T02:31:27.261Z] > git symbolic-ref --short HEAD [1ms]
[2022-09-13T02:31:27.271Z] > git for-each-ref --format=%(refname)%00%(upstream:short)%00%(objectname)%00%(upstream:track)%00%(upstream:remotename)%00%(upstream:remoteref) refs/heads/master refs/remotes/master [1ms]
[2022-09-13T02:31:27.285Z] > git remote --verbose [2ms]
[2022-09-13T02:31:27.285Z] > git for-each-ref --sort -committerdate --format %(refname) %(objectname) %(*objectname) [9ms]
[2022-09-13T02:31:27.314Z] > git config --get commit.template [1ms]
[2022-09-13T02:31:28.494Z] > git ls-files --stage -- /root/gurumepy/ext_data.py [2ms]
[2022-09-13T02:31:28.501Z] > git cat-file -s 711d4a28b5fa943ae29e4d06f2f3bce5101f19b5 [1ms]
[2022-09-13T02:31:28.519Z] > git show --textconv :gurumepy/ext_data.py [2ms]
[2022-09-13T02:31:32.339Z] > git status -z -uall [17ms]
[2022-09-13T02:31:32.346Z] > git symbolic-ref --short HEAD [0ms]
[2022-09-13T02:31:32.352Z] > git for-each-ref --format=%(refname)%00%(upstream:short)%00%(objectname)%00%(upstream:track)%00%(upstream:remotename)%00%(upstream:remoteref) refs/heads/master refs/remotes/master [1ms]
[2022-09-13T02:31:32.361Z] > git for-each-ref --sort -committerdate --format %(refname) %(objectname) %(*objectname) [4ms]
[2022-09-13T02:31:32.361Z] > git remote --verbose [1ms]
[2022-09-13T02:31:32.395Z] > git config --get commit.template [1ms]
[2022-09-13T02:31:34.485Z] > git ls-files --stage -- /root/gurumepy/ext_data.py [1ms]
[2022-09-13T02:31:34.490Z] > git cat-file -s 711d4a28b5fa943ae29e4d06f2f3bce5101f19b5 [0ms]
[2022-09-13T02:31:34.503Z] > git show --textconv :gurumepy/ext_data.py [1ms]
[2022-09-13T02:31:37.418Z] > git status -z -uall [16ms]
[2022-09-13T02:31:37.425Z] > git symbolic-ref --short HEAD [1ms]
[2022-09-13T02:31:37.431Z] > git for-each-ref --format=%(refname)%00%(upstream:short)%00%(objectname)%00%(upstream:track)%00%(upstream:remotename)%00%(upstream:remoteref) refs/heads/master refs/remotes/master [1ms]
[2022-09-13T02:31:37.439Z] > git for-each-ref --sort -committerdate --format %(refname) %(objectname) %(*objectname) [4ms]
[2022-09-13T02:31:37.439Z] > git remote --verbose [1ms]
[2022-09-13T02:31:37.462Z] > git config --get commit.template [1ms]
[2022-09-13T02:31:42.488Z] > git status -z -uall [19ms]
[2022-09-13T02:31:42.495Z] > git symbolic-ref --short HEAD [1ms]
[2022-09-13T02:31:42.501Z] > git for-each-ref --format=%(refname)%00%(upstream:short)%00%(objectname)%00%(upstream:track)%00%(upstream:remotename)%00%(upstream:remoteref) refs/heads/master refs/remotes/master [1ms]
[2022-09-13T02:31:42.512Z] > git remote --verbose [1ms]
[2022-09-13T02:31:42.512Z] > git for-each-ref --sort -committerdate --format %(refname) %(objectname) %(*objectname) [5ms]
[2022-09-13T02:31:42.542Z] > git config --get commit.template [1ms]
[2022-09-13T02:31:47.566Z] > git status -z -uall [16ms]
[2022-09-13T02:31:47.573Z] > git symbolic-ref --short HEAD [1ms]
[2022-09-13T02:31:47.579Z] > git for-each-ref --format=%(refname)%00%(upstream:short)%00%(objectname)%00%(upstream:track)%00%(upstream:remotename)%00%(upstream:remoteref) refs/heads/master refs/remotes/master [1ms]
[2022-09-13T02:31:47.588Z] > git for-each-ref --sort -committerdate --format %(refname) %(objectname) %(*objectname) [4ms]
[2022-09-13T02:31:47.589Z] > git remote --verbose [1ms]
[2022-09-13T02:31:47.641Z] > git config --get commit.template [7ms]
[2022-09-13T02:31:52.675Z] > git status -z -uall [25ms]
[2022-09-13T02:31:52.683Z] > git symbolic-ref --short HEAD [2ms]
[2022-09-13T02:31:52.695Z] > git for-each-ref --format=%(refname)%00%(upstream:short)%00%(objectname)%00%(upstream:track)%00%(upstream:remotename)%00%(upstream:remoteref) refs/heads/master refs/remotes/master [4ms]
[2022-09-13T02:31:52.709Z] > git remote --verbose [1ms]
[2022-09-13T02:31:52.709Z] > git for-each-ref --sort -committerdate --format %(refname) %(objectname) %(*objectname) [6ms]
[2022-09-13T02:31:52.775Z] > git config --get commit.template [7ms]
[2022-09-13T02:31:57.811Z] > git status -z -uall [26ms]
[2022-09-13T02:31:57.820Z] > git symbolic-ref --short HEAD [1ms]
[2022-09-13T02:31:57.828Z] > git for-each-ref --format=%(refname)%00%(upstream:short)%00%(objectname)%00%(upstream:track)%00%(upstream:remotename)%00%(upstream:remoteref) refs/heads/master refs/remotes/master [1ms]
[2022-09-13T02:31:57.844Z] > git remote --verbose [2ms]
[2022-09-13T02:31:57.845Z] > git for-each-ref --sort -committerdate --format %(refname) %(objectname) %(*objectname) [10ms]
[2022-09-13T02:31:57.885Z] > git config --get commit.template [1ms]
[2022-09-13T02:32:02.912Z] > git status -z -uall [19ms]
[2022-09-13T02:32:02.918Z] > git symbolic-ref --short HEAD [1ms]
[2022-09-13T02:32:02.923Z] > git for-each-ref --format=%(refname)%00%(upstream:short)%00%(objectname)%00%(upstream:track)%00%(upstream:remotename)%00%(upstream:remoteref) refs/heads/master refs/remotes/master [0ms]
[2022-09-13T02:32:02.934Z] > git remote --verbose [0ms]
[2022-09-13T02:32:02.935Z] > git for-each-ref --sort -committerdate --format %(refname) %(objectname) %(*objectname) [7ms]
[2022-09-13T02:32:02.959Z] > git config --get commit.template [1ms]
[2022-09-13T02:32:07.985Z] > git status -z -uall [19ms]
[2022-09-13T02:32:07.992Z] > git symbolic-ref --short HEAD [1ms]
[2022-09-13T02:32:07.998Z] > git for-each-ref --format=%(refname)%00%(upstream:short)%00%(objectname)%00%(upstream:track)%00%(upstream:remotename)%00%(upstream:remoteref) refs/heads/master refs/remotes/master [1ms]
[2022-09-13T02:32:08.011Z] > git remote --verbose [2ms]
[2022-09-13T02:32:08.011Z] > git for-each-ref --sort -committerdate --format %(refname) %(objectname) %(*objectname) [7ms]
[2022-09-13T02:32:08.058Z] > git config --get commit.template [2ms]
[2022-09-13T02:32:13.083Z] > git status -z -uall [17ms]
[2022-09-13T02:32:13.089Z] > git symbolic-ref --short HEAD [1ms]
[2022-09-13T02:32:13.097Z] > git for-each-ref --format=%(refname)%00%(upstream:short)%00%(objectname)%00%(upstream:track)%00%(upstream:remotename)%00%(upstream:remoteref) refs/heads/master refs/remotes/master [2ms]
[2022-09-13T02:32:13.109Z] > git remote --verbose [2ms]
[2022-09-13T02:32:13.109Z] > git for-each-ref --sort -committerdate --format %(refname) %(objectname) %(*objectname) [7ms]
[2022-09-13T02:32:13.151Z] > git config --get commit.template [2ms]
[2022-09-13T02:34:14.898Z] > git status -z -uall [60ms]
[2022-09-13T02:34:14.908Z] > git symbolic-ref --short HEAD [3ms]
[2022-09-13T02:34:14.918Z] > git for-each-ref --format=%(refname)%00%(upstream:short)%00%(objectname)%00%(upstream:track)%00%(upstream:remotename)%00%(upstream:remoteref) refs/heads/master refs/remotes/master [1ms]
[2022-09-13T02:34:14.932Z] > git for-each-ref --sort -committerdate --format %(refname) %(objectname) %(*objectname) [6ms]
[2022-09-13T02:34:14.932Z] > git remote --verbose [2ms]
[2022-09-13T02:34:14.979Z] > git config --get commit.template [2ms]
[2022-09-13T02:34:20.003Z] > git status -z -uall [18ms]
[2022-09-13T02:34:20.010Z] > git symbolic-ref --short HEAD [1ms]
[2022-09-13T02:34:20.016Z] > git for-each-ref --format=%(refname)%00%(upstream:short)%00%(objectname)%00%(upstream:track)%00%(upstream:remotename)%00%(upstream:remoteref) refs/heads/master refs/remotes/master [1ms]
[2022-09-13T02:34:20.025Z] > git for-each-ref --sort -committerdate --format %(refname) %(objectname) %(*objectname) [5ms]
[2022-09-13T02:34:20.025Z] > git remote --verbose [1ms]
[2022-09-13T02:34:20.054Z] > git config --get commit.template [2ms]
[2022-09-13T02:34:21.005Z] > git ls-files --stage -- /root/gurumepy/ext_data.py [1ms]
[2022-09-13T02:34:21.012Z] > git cat-file -s 711d4a28b5fa943ae29e4d06f2f3bce5101f19b5 [1ms]
[2022-09-13T02:34:21.027Z] > git show --textconv :gurumepy/ext_data.py [2ms]
[2022-09-13T02:34:25.081Z] > git status -z -uall [19ms]
[2022-09-13T02:34:25.087Z] > git symbolic-ref --short HEAD [1ms]
[2022-09-13T02:34:25.094Z] > git for-each-ref --format=%(refname)%00%(upstream:short)%00%(objectname)%00%(upstream:track)%00%(upstream:remotename)%00%(upstream:remoteref) refs/heads/master refs/remotes/master [1ms]
[2022-09-13T02:34:25.104Z] > git for-each-ref --sort -committerdate --format %(refname) %(objectname) %(*objectname) [5ms]
[2022-09-13T02:34:25.105Z] > git remote --verbose [1ms]
[2022-09-13T02:34:25.131Z] > git config --get commit.template [1ms]
[2022-09-13T02:34:30.153Z] > git status -z -uall [16ms]
[2022-09-13T02:34:30.159Z] > git symbolic-ref --short HEAD [1ms]
[2022-09-13T02:34:30.164Z] > git for-each-ref --format=%(refname)%00%(upstream:short)%00%(objectname)%00%(upstream:track)%00%(upstream:remotename)%00%(upstream:remoteref) refs/heads/master refs/remotes/master [1ms]
[2022-09-13T02:34:30.172Z] > git for-each-ref --sort -committerdate --format %(refname) %(objectname) %(*objectname) [4ms]
[2022-09-13T02:34:30.172Z] > git remote --verbose [0ms]
[2022-09-13T02:34:30.193Z] > git config --get commit.template [1ms]
[2022-09-13T02:34:35.215Z] > git status -z -uall [16ms]
[2022-09-13T02:34:35.221Z] > git symbolic-ref --short HEAD [0ms]
[2022-09-13T02:34:35.228Z] > git for-each-ref --format=%(refname)%00%(upstream:short)%00%(objectname)%00%(upstream:track)%00%(upstream:remotename)%00%(upstream:remoteref) refs/heads/master refs/remotes/master [1ms]
[2022-09-13T02:34:35.239Z] > git for-each-ref --sort -committerdate --format %(refname) %(objectname) %(*objectname) [6ms]
[2022-09-13T02:34:35.239Z] > git remote --verbose [1ms]
[2022-09-13T02:34:35.262Z] > git config --get commit.template [2ms]
[2022-09-13T02:34:38.364Z] > git ls-files --stage -- /root/gurumepy/ext_data.py [1ms]
[2022-09-13T02:34:38.370Z] > git cat-file -s 711d4a28b5fa943ae29e4d06f2f3bce5101f19b5 [1ms]
[2022-09-13T02:34:38.382Z] > git show --textconv :gurumepy/ext_data.py [1ms]
[2022-09-13T02:34:40.287Z] > git status -z -uall [18ms]
[2022-09-13T02:34:40.295Z] > git symbolic-ref --short HEAD [0ms]
[2022-09-13T02:34:40.303Z] > git for-each-ref --format=%(refname)%00%(upstream:short)%00%(objectname)%00%(upstream:track)%00%(upstream:remotename)%00%(upstream:remoteref) refs/heads/master refs/remotes/master [1ms]
[2022-09-13T02:34:40.315Z] > git for-each-ref --sort -committerdate --format %(refname) %(objectname) %(*objectname) [6ms]
[2022-09-13T02:34:40.316Z] > git remote --verbose [2ms]
[2022-09-13T02:34:40.333Z] > git config --get commit.template [0ms]
[2022-09-13T02:34:45.356Z] > git status -z -uall [16ms]
[2022-09-13T02:34:45.362Z] > git symbolic-ref --short HEAD [0ms]
[2022-09-13T02:34:45.366Z] > git for-each-ref --format=%(refname)%00%(upstream:short)%00%(objectname)%00%(upstream:track)%00%(upstream:remotename)%00%(upstream:remoteref) refs/heads/master refs/remotes/master [1ms]
[2022-09-13T02:34:45.374Z] > git for-each-ref --sort -committerdate --format %(refname) %(objectname) %(*objectname) [4ms]
[2022-09-13T02:34:45.374Z] > git remote --verbose [1ms]
[2022-09-13T02:34:45.383Z] > git config --get commit.template [1ms]
[2022-09-13T02:34:50.404Z] > git status -z -uall [15ms]
[2022-09-13T02:34:50.410Z] > git symbolic-ref --short HEAD [0ms]
[2022-09-13T02:34:50.416Z] > git for-each-ref --format=%(refname)%00%(upstream:short)%00%(objectname)%00%(upstream:track)%00%(upstream:remotename)%00%(upstream:remoteref) refs/heads/master refs/remotes/master [1ms]
[2022-09-13T02:34:50.424Z] > git for-each-ref --sort -committerdate --format %(refname) %(objectname) %(*objectname) [4ms]
[2022-09-13T02:34:50.424Z] > git remote --verbose [1ms]
[2022-09-13T02:34:50.433Z] > git config --get commit.template [3ms]
[2022-09-13T02:34:55.452Z] > git status -z -uall [14ms]
[2022-09-13T02:34:55.457Z] > git symbolic-ref --short HEAD [1ms]
[2022-09-13T02:34:55.462Z] > git for-each-ref --format=%(refname)%00%(upstream:short)%00%(objectname)%00%(upstream:track)%00%(upstream:remotename)%00%(upstream:remoteref) refs/heads/master refs/remotes/master [0ms]
[2022-09-13T02:34:55.471Z] > git remote --verbose [1ms]
[2022-09-13T02:34:55.471Z] > git for-each-ref --sort -committerdate --format %(refname) %(objectname) %(*objectname) [4ms]
[2022-09-13T02:34:55.475Z] > git config --get commit.template [0ms]
[2022-09-13T02:35:00.495Z] > git status -z -uall [14ms]
[2022-09-13T02:35:00.500Z] > git symbolic-ref --short HEAD [1ms]
[2022-09-13T02:35:00.505Z] > git for-each-ref --format=%(refname)%00%(upstream:short)%00%(objectname)%00%(upstream:track)%00%(upstream:remotename)%00%(upstream:remoteref) refs/heads/master refs/remotes/master [1ms]
[2022-09-13T02:35:00.512Z] > git for-each-ref --sort -committerdate --format %(refname) %(objectname) %(*objectname) [3ms]
[2022-09-13T02:35:00.512Z] > git remote --verbose [0ms]
[2022-09-13T02:35:00.519Z] > git config --get commit.template [1ms]
[2022-09-13T02:35:05.548Z] > git status -z -uall [21ms]
[2022-09-13T02:35:05.555Z] > git symbolic-ref --short HEAD [1ms]
[2022-09-13T02:35:05.563Z] > git for-each-ref --format=%(refname)%00%(upstream:short)%00%(objectname)%00%(upstream:track)%00%(upstream:remotename)%00%(upstream:remoteref) refs/heads/master refs/remotes/master [2ms]
[2022-09-13T02:35:05.573Z] > git for-each-ref --sort -committerdate --format %(refname) %(objectname) %(*objectname) [5ms]
[2022-09-13T02:35:05.573Z] > git remote --verbose [1ms]
[2022-09-13T02:35:05.582Z] > git config --get commit.template [1ms]
[2022-09-13T02:35:10.604Z] > git status -z -uall [16ms]
[2022-09-13T02:35:10.609Z] > git symbolic-ref --short HEAD [1ms]
[2022-09-13T02:35:10.613Z] > git for-each-ref --format=%(refname)%00%(upstream:short)%00%(objectname)%00%(upstream:track)%00%(upstream:remotename)%00%(upstream:remoteref) refs/heads/master refs/remotes/master [0ms]
[2022-09-13T02:35:10.620Z] > git for-each-ref --sort -committerdate --format %(refname) %(objectname) %(*objectname) [3ms]
[2022-09-13T02:35:10.620Z] > git remote --verbose [1ms]
[2022-09-13T02:35:10.626Z] > git config --get commit.template [1ms]
[2022-09-13T02:35:15.644Z] > git status -z -uall [13ms]
[2022-09-13T02:35:15.650Z] > git symbolic-ref --short HEAD [1ms]
[2022-09-13T02:35:15.655Z] > git for-each-ref --format=%(refname)%00%(upstream:short)%00%(objectname)%00%(upstream:track)%00%(upstream:remotename)%00%(upstream:remoteref) refs/heads/master refs/remotes/master [1ms]
[2022-09-13T02:35:15.663Z] > git remote --verbose [1ms]
[2022-09-13T02:35:15.663Z] > git for-each-ref --sort -committerdate --format %(refname) %(objectname) %(*objectname) [4ms]
[2022-09-13T02:35:15.669Z] > git config --get commit.template [1ms]
[2022-09-13T02:35:20.692Z] > git status -z -uall [18ms]
[2022-09-13T02:35:20.697Z] > git symbolic-ref --short HEAD [1ms]
[2022-09-13T02:35:20.702Z] > git for-each-ref --format=%(refname)%00%(upstream:short)%00%(objectname)%00%(upstream:track)%00%(upstream:remotename)%00%(upstream:remoteref) refs/heads/master refs/remotes/master [1ms]
[2022-09-13T02:35:20.712Z] > git for-each-ref --sort -committerdate --format %(refname) %(objectname) %(*objectname) [5ms]
[2022-09-13T02:35:20.712Z] > git remote --verbose [1ms]
[2022-09-13T02:35:20.719Z] > git config --get commit.template [1ms]
[2022-09-13T02:35:25.748Z] > git status -z -uall [22ms]
[2022-09-13T02:35:25.754Z] > git symbolic-ref --short HEAD [1ms]
[2022-09-13T02:35:25.760Z] > git for-each-ref --format=%(refname)%00%(upstream:short)%00%(objectname)%00%(upstream:track)%00%(upstream:remotename)%00%(upstream:remoteref) refs/heads/master refs/remotes/master [1ms]
[2022-09-13T02:35:25.767Z] > git for-each-ref --sort -committerdate --format %(refname) %(objectname) %(*objectname) [4ms]
[2022-09-13T02:35:25.767Z] > git remote --verbose [1ms]
[2022-09-13T02:35:25.773Z] > git config --get commit.template [1ms]
[2022-09-13T02:35:30.794Z] > git status -z -uall [15ms]
[2022-09-13T02:35:30.800Z] > git symbolic-ref --short HEAD [1ms]
[2022-09-13T02:35:30.806Z] > git for-each-ref --format=%(refname)%00%(upstream:short)%00%(objectname)%00%(upstream:track)%00%(upstream:remotename)%00%(upstream:remoteref) refs/heads/master refs/remotes/master [1ms]
[2022-09-13T02:35:30.816Z] > git for-each-ref --sort -committerdate --format %(refname) %(objectname) %(*objectname) [5ms]
[2022-09-13T02:35:30.817Z] > git remote --verbose [2ms]
[2022-09-13T02:35:30.824Z] > git config --get commit.template [1ms]
[2022-09-13T02:35:35.842Z] > git status -z -uall [13ms]
[2022-09-13T02:35:35.848Z] > git symbolic-ref --short HEAD [1ms]
[2022-09-13T02:35:35.852Z] > git for-each-ref --format=%(refname)%00%(upstream:short)%00%(objectname)%00%(upstream:track)%00%(upstream:remotename)%00%(upstream:remoteref) refs/heads/master refs/remotes/master [1ms]
[2022-09-13T02:35:35.860Z] > git for-each-ref --sort -committerdate --format %(refname) %(objectname) %(*objectname) [5ms]
[2022-09-13T02:35:35.860Z] > git remote --verbose [1ms]
[2022-09-13T02:35:35.870Z] > git config --get commit.template [0ms]
[2022-09-13T02:35:40.890Z] > git status -z -uall [14ms]
[2022-09-13T02:35:40.895Z] > git symbolic-ref --short HEAD [1ms]
[2022-09-13T02:35:40.899Z] > git for-each-ref --format=%(refname)%00%(upstream:short)%00%(objectname)%00%(upstream:track)%00%(upstream:remotename)%00%(upstream:remoteref) refs/heads/master refs/remotes/master [0ms]
[2022-09-13T02:35:40.905Z] > git for-each-ref --sort -committerdate --format %(refname) %(objectname) %(*objectname) [3ms]
[2022-09-13T02:35:40.906Z] > git remote --verbose [1ms]
[2022-09-13T02:35:40.910Z] > git config --get commit.template [1ms]
[2022-09-13T02:35:49.153Z] > git status -z -uall [13ms]
[2022-09-13T02:35:49.159Z] > git symbolic-ref --short HEAD [1ms]
[2022-09-13T02:35:49.164Z] > git for-each-ref --format=%(refname)%00%(upstream:short)%00%(objectname)%00%(upstream:track)%00%(upstream:remotename)%00%(upstream:remoteref) refs/heads/master refs/remotes/master [1ms]
[2022-09-13T02:35:49.172Z] > git for-each-ref --sort -committerdate --format %(refname) %(objectname) %(*objectname) [4ms]
[2022-09-13T02:35:49.173Z] > git remote --verbose [2ms]
[2022-09-13T02:35:49.179Z] > git config --get commit.template [1ms]
[2022-09-13T02:35:54.199Z] > git status -z -uall [14ms]
[2022-09-13T02:35:54.204Z] > git symbolic-ref --short HEAD [1ms]
[2022-09-13T02:35:54.208Z] > git for-each-ref --format=%(refname)%00%(upstream:short)%00%(objectname)%00%(upstream:track)%00%(upstream:remotename)%00%(upstream:remoteref) refs/heads/master refs/remotes/master [0ms]
[2022-09-13T02:35:54.215Z] > git for-each-ref --sort -committerdate --format %(refname) %(objectname) %(*objectname) [3ms]
[2022-09-13T02:35:54.215Z] > git remote --verbose [1ms]
[2022-09-13T02:35:54.220Z] > git config --get commit.template [1ms]
[2022-09-13T02:35:59.239Z] > git status -z -uall [14ms]
[2022-09-13T02:35:59.245Z] > git symbolic-ref --short HEAD [1ms]
[2022-09-13T02:35:59.249Z] > git for-each-ref --format=%(refname)%00%(upstream:short)%00%(objectname)%00%(upstream:track)%00%(upstream:remotename)%00%(upstream:remoteref) refs/heads/master refs/remotes/master [1ms]
[2022-09-13T02:35:59.255Z] > git for-each-ref --sort -committerdate --format %(refname) %(objectname) %(*objectname) [3ms]
[2022-09-13T02:35:59.255Z] > git remote --verbose [1ms]
[2022-09-13T02:35:59.260Z] > git config --get commit.template [1ms]
[2022-09-13T02:36:04.279Z] > git status -z -uall [14ms]
[2022-09-13T02:36:04.284Z] > git symbolic-ref --short HEAD [1ms]
[2022-09-13T02:36:04.288Z] > git for-each-ref --format=%(refname)%00%(upstream:short)%00%(objectname)%00%(upstream:track)%00%(upstream:remotename)%00%(upstream:remoteref) refs/heads/master refs/remotes/master [1ms]
[2022-09-13T02:36:04.296Z] > git for-each-ref --sort -committerdate --format %(refname) %(objectname) %(*objectname) [4ms]
[2022-09-13T02:36:04.296Z] > git remote --verbose [1ms]
[2022-09-13T02:36:04.301Z] > git config --get commit.template [0ms]
[2022-09-13T02:36:09.319Z] > git status -z -uall [13ms]
[2022-09-13T02:36:09.324Z] > git symbolic-ref --short HEAD [0ms]
[2022-09-13T02:36:09.330Z] > git for-each-ref --format=%(refname)%00%(upstream:short)%00%(objectname)%00%(upstream:track)%00%(upstream:remotename)%00%(upstream:remoteref) refs/heads/master refs/remotes/master [1ms]
[2022-09-13T02:36:09.339Z] > git for-each-ref --sort -committerdate --format %(refname) %(objectname) %(*objectname) [5ms]
[2022-09-13T02:36:09.339Z] > git remote --verbose [2ms]
[2022-09-13T02:36:09.346Z] > git config --get commit.template [1ms]
[2022-09-13T02:36:14.365Z] > git status -z -uall [14ms]
[2022-09-13T02:36:14.370Z] > git symbolic-ref --short HEAD [0ms]
[2022-09-13T02:36:14.376Z] > git for-each-ref --format=%(refname)%00%(upstream:short)%00%(objectname)%00%(upstream:track)%00%(upstream:remotename)%00%(upstream:remoteref) refs/heads/master refs/remotes/master [1ms]
[2022-09-13T02:36:14.383Z] > git for-each-ref --sort -committerdate --format %(refname) %(objectname) %(*objectname) [3ms]
[2022-09-13T02:36:14.383Z] > git remote --verbose [0ms]
[2022-09-13T02:36:14.389Z] > git config --get commit.template [1ms]
[2022-09-13T02:36:19.408Z] > git status -z -uall [13ms]
[2022-09-13T02:36:19.414Z] > git symbolic-ref --short HEAD [1ms]
[2022-09-13T02:36:19.419Z] > git for-each-ref --format=%(refname)%00%(upstream:short)%00%(objectname)%00%(upstream:track)%00%(upstream:remotename)%00%(upstream:remoteref) refs/heads/master refs/remotes/master [1ms]
[2022-09-13T02:36:19.425Z] > git for-each-ref --sort -committerdate --format %(refname) %(objectname) %(*objectname) [4ms]
[2022-09-13T02:36:19.425Z] > git remote --verbose [1ms]
[2022-09-13T02:36:19.431Z] > git config --get commit.template [1ms]
[2022-09-13T02:36:24.454Z] > git status -z -uall [17ms]
[2022-09-13T02:36:24.460Z] > git symbolic-ref --short HEAD [1ms]
[2022-09-13T02:36:24.466Z] > git for-each-ref --format=%(refname)%00%(upstream:short)%00%(objectname)%00%(upstream:track)%00%(upstream:remotename)%00%(upstream:remoteref) refs/heads/master refs/remotes/master [1ms]
[2022-09-13T02:36:24.473Z] > git for-each-ref --sort -committerdate --format %(refname) %(objectname) %(*objectname) [3ms]
[2022-09-13T02:36:24.474Z] > git remote --verbose [1ms]
[2022-09-13T02:36:24.480Z] > git config --get commit.template [1ms]
[2022-09-13T02:36:29.500Z] > git status -z -uall [14ms]
[2022-09-13T02:36:29.506Z] > git symbolic-ref --short HEAD [1ms]
[2022-09-13T02:36:29.512Z] > git for-each-ref --format=%(refname)%00%(upstream:short)%00%(objectname)%00%(upstream:track)%00%(upstream:remotename)%00%(upstream:remoteref) refs/heads/master refs/remotes/master [1ms]
[2022-09-13T02:36:29.518Z] > git for-each-ref --sort -committerdate --format %(refname) %(objectname) %(*objectname) [3ms]
[2022-09-13T02:36:29.519Z] > git remote --verbose [1ms]
[2022-09-13T02:36:29.524Z] > git config --get commit.template [1ms]
[2022-09-13T02:36:34.544Z] > git status -z -uall [14ms]
[2022-09-13T02:36:34.550Z] > git symbolic-ref --short HEAD [1ms]
[2022-09-13T02:36:34.555Z] > git for-each-ref --format=%(refname)%00%(upstream:short)%00%(objectname)%00%(upstream:track)%00%(upstream:remotename)%00%(upstream:remoteref) refs/heads/master refs/remotes/master [1ms]
[2022-09-13T02:36:34.563Z] > git for-each-ref --sort -committerdate --format %(refname) %(objectname) %(*objectname) [5ms]
[2022-09-13T02:36:34.563Z] > git remote --verbose [1ms]
[2022-09-13T02:36:34.570Z] > git config --get commit.template [1ms]
[2022-09-13T02:36:39.592Z] > git status -z -uall [16ms]
[2022-09-13T02:36:39.598Z] > git symbolic-ref --short HEAD [1ms]
[2022-09-13T02:36:39.604Z] > git for-each-ref --format=%(refname)%00%(upstream:short)%00%(objectname)%00%(upstream:track)%00%(upstream:remotename)%00%(upstream:remoteref) refs/heads/master refs/remotes/master [1ms]
[2022-09-13T02:36:39.610Z] > git for-each-ref --sort -committerdate --format %(refname) %(objectname) %(*objectname) [3ms]
[2022-09-13T02:36:39.611Z] > git remote --verbose [1ms]
[2022-09-13T02:36:39.615Z] > git config --get commit.template [0ms]
[2022-09-13T02:36:44.637Z] > git status -z -uall [15ms]
[2022-09-13T02:36:44.643Z] > git symbolic-ref --short HEAD [0ms]
[2022-09-13T02:36:44.651Z] > git for-each-ref --format=%(refname)%00%(upstream:short)%00%(objectname)%00%(upstream:track)%00%(upstream:remotename)%00%(upstream:remoteref) refs/heads/master refs/remotes/master [1ms]
[2022-09-13T02:36:44.658Z] > git for-each-ref --sort -committerdate --format %(refname) %(objectname) %(*objectname) [3ms]
[2022-09-13T02:36:44.659Z] > git remote --verbose [1ms]
[2022-09-13T02:36:44.665Z] > git config --get commit.template [1ms]
[2022-09-13T02:36:49.688Z] > git status -z -uall [17ms]
[2022-09-13T02:36:49.692Z] > git symbolic-ref --short HEAD [0ms]
[2022-09-13T02:36:49.698Z] > git for-each-ref --format=%(refname)%00%(upstream:short)%00%(objectname)%00%(upstream:track)%00%(upstream:remotename)%00%(upstream:remoteref) refs/heads/master refs/remotes/master [1ms]
[2022-09-13T02:36:49.705Z] > git for-each-ref --sort -committerdate --format %(refname) %(objectname) %(*objectname) [4ms]
[2022-09-13T02:36:49.705Z] > git remote --verbose [1ms]
[2022-09-13T02:36:49.710Z] > git config --get commit.template [1ms]
[2022-09-13T02:36:54.730Z] > git status -z -uall [16ms]
[2022-09-13T02:36:54.735Z] > git symbolic-ref --short HEAD [0ms]
[2022-09-13T02:36:54.740Z] > git for-each-ref --format=%(refname)%00%(upstream:short)%00%(objectname)%00%(upstream:track)%00%(upstream:remotename)%00%(upstream:remoteref) refs/heads/master refs/remotes/master [1ms]
[2022-09-13T02:36:54.746Z] > git for-each-ref --sort -committerdate --format %(refname) %(objectname) %(*objectname) [3ms]
[2022-09-13T02:36:54.746Z] > git remote --verbose [0ms]
[2022-09-13T02:36:54.753Z] > git config --get commit.template [1ms]
[2022-09-13T02:36:59.774Z] > git status -z -uall [14ms]
[2022-09-13T02:36:59.779Z] > git symbolic-ref --short HEAD [1ms]
[2022-09-13T02:36:59.783Z] > git for-each-ref --format=%(refname)%00%(upstream:short)%00%(objectname)%00%(upstream:track)%00%(upstream:remotename)%00%(upstream:remoteref) refs/heads/master refs/remotes/master [1ms]
[2022-09-13T02:36:59.790Z] > git for-each-ref --sort -committerdate --format %(refname) %(objectname) %(*objectname) [4ms]
[2022-09-13T02:36:59.790Z] > git remote --verbose [1ms]
[2022-09-13T02:36:59.795Z] > git config --get commit.template [1ms]
[2022-09-13T02:37:04.823Z] > git status -z -uall [21ms]
[2022-09-13T02:37:04.830Z] > git symbolic-ref --short HEAD [2ms]
[2022-09-13T02:37:04.835Z] > git for-each-ref --format=%(refname)%00%(upstream:short)%00%(objectname)%00%(upstream:track)%00%(upstream:remotename)%00%(upstream:remoteref) refs/heads/master refs/remotes/master [1ms]
[2022-09-13T02:37:04.843Z] > git for-each-ref --sort -committerdate --format %(refname) %(objectname) %(*objectname) [4ms]
[2022-09-13T02:37:04.844Z] > git remote --verbose [2ms]
[2022-09-13T02:37:04.852Z] > git config --get commit.template [1ms]
[2022-09-13T02:38:34.165Z] > git status -z -uall [34ms]
[2022-09-13T02:38:34.172Z] > git symbolic-ref --short HEAD [1ms]
[2022-09-13T02:38:34.179Z] > git for-each-ref --format=%(refname)%00%(upstream:short)%00%(objectname)%00%(upstream:track)%00%(upstream:remotename)%00%(upstream:remoteref) refs/heads/master refs/remotes/master [1ms]
[2022-09-13T02:38:34.190Z] > git for-each-ref --sort -committerdate --format %(refname) %(objectname) %(*objectname) [7ms]
[2022-09-13T02:38:34.191Z] > git remote --verbose [2ms]
[2022-09-13T02:38:34.200Z] > git config --get commit.template [1ms]
[2022-09-13T02:38:39.218Z] > git status -z -uall [13ms]
[2022-09-13T02:38:39.223Z] > git symbolic-ref --short HEAD [1ms]
[2022-09-13T02:38:39.226Z] > git for-each-ref --format=%(refname)%00%(upstream:short)%00%(objectname)%00%(upstream:track)%00%(upstream:remotename)%00%(upstream:remoteref) refs/heads/master refs/remotes/master [0ms]
[2022-09-13T02:38:39.234Z] > git for-each-ref --sort -committerdate --format %(refname) %(objectname) %(*objectname) [4ms]
[2022-09-13T02:38:39.235Z] > git remote --verbose [2ms]
[2022-09-13T02:38:39.240Z] > git config --get commit.template [1ms]
[2022-09-13T02:40:08.742Z] > git status -z -uall [47ms]
[2022-09-13T02:40:08.750Z] > git symbolic-ref --short HEAD [1ms]
[2022-09-13T02:40:08.758Z] > git for-each-ref --format=%(refname)%00%(upstream:short)%00%(objectname)%00%(upstream:track)%00%(upstream:remotename)%00%(upstream:remoteref) refs/heads/master refs/remotes/master [1ms]
[2022-09-13T02:40:08.772Z] > git for-each-ref --sort -committerdate --format %(refname) %(objectname) %(*objectname) [5ms]
[2022-09-13T02:40:08.773Z] > git remote --verbose [2ms]
[2022-09-13T02:40:08.780Z] > git config --get commit.template [1ms]
[2022-09-13T02:40:13.800Z] > git status -z -uall [13ms]
[2022-09-13T02:40:13.805Z] > git symbolic-ref --short HEAD [0ms]
[2022-09-13T02:40:13.811Z] > git for-each-ref --format=%(refname)%00%(upstream:short)%00%(objectname)%00%(upstream:track)%00%(upstream:remotename)%00%(upstream:remoteref) refs/heads/master refs/remotes/master [1ms]
[2022-09-13T02:40:13.819Z] > git for-each-ref --sort -committerdate --format %(refname) %(objectname) %(*objectname) [4ms]
[2022-09-13T02:40:13.820Z] > git remote --verbose [1ms]
[2022-09-13T02:40:13.826Z] > git config --get commit.template [1ms]
[2022-09-13T02:40:34.498Z] > git status -z -uall [36ms]
[2022-09-13T02:40:34.510Z] > git symbolic-ref --short HEAD [1ms]
[2022-09-13T02:40:34.523Z] > git for-each-ref --format=%(refname)%00%(upstream:short)%00%(objectname)%00%(upstream:track)%00%(upstream:remotename)%00%(upstream:remoteref) refs/heads/master refs/remotes/master [1ms]
[2022-09-13T02:40:34.541Z] > git for-each-ref --sort -committerdate --format %(refname) %(objectname) %(*objectname) [12ms]
[2022-09-13T02:40:34.542Z] > git remote --verbose [2ms]
[2022-09-13T02:40:34.557Z] > git config --get commit.template [2ms]
[2022-09-13T02:40:39.578Z] > git status -z -uall [16ms]
[2022-09-13T02:40:39.584Z] > git symbolic-ref --short HEAD [1ms]
[2022-09-13T02:40:39.590Z] > git for-each-ref --format=%(refname)%00%(upstream:short)%00%(objectname)%00%(upstream:track)%00%(upstream:remotename)%00%(upstream:remoteref) refs/heads/master refs/remotes/master [1ms]
[2022-09-13T02:40:39.598Z] > git for-each-ref --sort -committerdate --format %(refname) %(objectname) %(*objectname) [4ms]
[2022-09-13T02:40:39.598Z] > git remote --verbose [1ms]
[2022-09-13T02:40:39.605Z] > git config --get commit.template [1ms]
[2022-09-13T02:40:44.624Z] > git status -z -uall [14ms]
[2022-09-13T02:40:44.629Z] > git symbolic-ref --short HEAD [1ms]
[2022-09-13T02:40:44.632Z] > git for-each-ref --format=%(refname)%00%(upstream:short)%00%(objectname)%00%(upstream:track)%00%(upstream:remotename)%00%(upstream:remoteref) refs/heads/master refs/remotes/master [0ms]
[2022-09-13T02:40:44.639Z] > git for-each-ref --sort -committerdate --format %(refname) %(objectname) %(*objectname) [3ms]
[2022-09-13T02:40:44.639Z] > git remote --verbose [1ms]
[2022-09-13T02:40:44.645Z] > git config --get commit.template [1ms]
[2022-09-13T02:40:49.663Z] > git status -z -uall [12ms]
[2022-09-13T02:40:49.668Z] > git symbolic-ref --short HEAD [1ms]
[2022-09-13T02:40:49.672Z] > git for-each-ref --format=%(refname)%00%(upstream:short)%00%(objectname)%00%(upstream:track)%00%(upstream:remotename)%00%(upstream:remoteref) refs/heads/master refs/remotes/master [1ms]
[2022-09-13T02:40:49.677Z] > git for-each-ref --sort -committerdate --format %(refname) %(objectname) %(*objectname) [3ms]
[2022-09-13T02:40:49.678Z] > git remote --verbose [1ms]
[2022-09-13T02:40:49.683Z] > git config --get commit.template [1ms]
[2022-09-13T02:40:50.866Z] > git ls-files --stage -- /root/gurumepy/ext_data.py [1ms]
[2022-09-13T02:40:50.871Z] > git cat-file -s 711d4a28b5fa943ae29e4d06f2f3bce5101f19b5 [1ms]
[2022-09-13T02:40:50.884Z] > git show --textconv :gurumepy/ext_data.py [2ms]
[2022-09-13T02:40:54.703Z] > git status -z -uall [15ms]
[2022-09-13T02:40:54.709Z] > git symbolic-ref --short HEAD [1ms]
[2022-09-13T02:40:54.713Z] > git for-each-ref --format=%(refname)%00%(upstream:short)%00%(objectname)%00%(upstream:track)%00%(upstream:remotename)%00%(upstream:remoteref) refs/heads/rikuadachi refs/remotes/rikuadachi [1ms]
[2022-09-13T02:40:54.720Z] > git for-each-ref --sort -committerdate --format %(refname) %(objectname) %(*objectname) [4ms]
[2022-09-13T02:40:54.720Z] > git remote --verbose [1ms]
[2022-09-13T02:40:54.725Z] > git config --get commit.template [0ms]
[2022-09-13T02:40:59.746Z] > git status -z -uall [14ms]
[2022-09-13T02:40:59.752Z] > git symbolic-ref --short HEAD [0ms]
[2022-09-13T02:40:59.756Z] > git for-each-ref --format=%(refname)%00%(upstream:short)%00%(objectname)%00%(upstream:track)%00%(upstream:remotename)%00%(upstream:remoteref) refs/heads/rikuadachi refs/remotes/rikuadachi [1ms]
[2022-09-13T02:40:59.766Z] > git remote --verbose [0ms]
[2022-09-13T02:40:59.766Z] > git for-each-ref --sort -committerdate --format %(refname) %(objectname) %(*objectname) [6ms]
[2022-09-13T02:40:59.772Z] > git config --get commit.template [1ms]
[2022-09-13T02:41:18.018Z] > git status -z -uall [59ms]
[2022-09-13T02:41:18.033Z] > git symbolic-ref --short HEAD [2ms]
[2022-09-13T02:41:18.040Z] > git for-each-ref --format=%(refname)%00%(upstream:short)%00%(objectname)%00%(upstream:track)%00%(upstream:remotename)%00%(upstream:remoteref) refs/heads/rikuadachi refs/remotes/rikuadachi [1ms]
[2022-09-13T02:41:18.057Z] > git remote --verbose [4ms]
[2022-09-13T02:41:18.057Z] > git for-each-ref --sort -committerdate --format %(refname) %(objectname) %(*objectname) [11ms]
[2022-09-13T02:41:18.081Z] > git config --get commit.template [3ms]
[2022-09-13T02:41:21.873Z] > git ls-files --stage -- /root/gurumepy/ext_data.py [2ms]
[2022-09-13T02:41:21.880Z] > git cat-file -s 711d4a28b5fa943ae29e4d06f2f3bce5101f19b5 [2ms]
[2022-09-13T02:41:21.892Z] > git show --textconv :gurumepy/ext_data.py [2ms]
[2022-09-13T02:41:23.102Z] > git status -z -uall [15ms]
[2022-09-13T02:41:23.107Z] > git symbolic-ref --short HEAD [1ms]
[2022-09-13T02:41:23.112Z] > git for-each-ref --format=%(refname)%00%(upstream:short)%00%(objectname)%00%(upstream:track)%00%(upstream:remotename)%00%(upstream:remoteref) refs/heads/rikuadachi refs/remotes/rikuadachi [1ms]
[2022-09-13T02:41:23.121Z] > git remote --verbose [1ms]
[2022-09-13T02:41:23.121Z] > git for-each-ref --sort -committerdate --format %(refname) %(objectname) %(*objectname) [4ms]
[2022-09-13T02:41:23.128Z] > git config --get commit.template [1ms]
[2022-09-13T02:41:31.528Z] > git status -z -uall [30ms]
[2022-09-13T02:41:31.537Z] > git symbolic-ref --short HEAD [1ms]
[2022-09-13T02:41:31.544Z] > git for-each-ref --format=%(refname)%00%(upstream:short)%00%(objectname)%00%(upstream:track)%00%(upstream:remotename)%00%(upstream:remoteref) refs/heads/rikuadachi refs/remotes/rikuadachi [1ms]
[2022-09-13T02:41:31.556Z] > git for-each-ref --sort -committerdate --format %(refname) %(objectname) %(*objectname) [6ms]
[2022-09-13T02:41:31.557Z] > git remote --verbose [2ms]
[2022-09-13T02:41:31.565Z] > git config --get commit.template [1ms]
[2022-09-13T02:41:36.584Z] > git status -z -uall [13ms]
[2022-09-13T02:41:36.589Z] > git symbolic-ref --short HEAD [0ms]
[2022-09-13T02:41:36.593Z] > git for-each-ref --format=%(refname)%00%(upstream:short)%00%(objectname)%00%(upstream:track)%00%(upstream:remotename)%00%(upstream:remoteref) refs/heads/rikuadachi refs/remotes/rikuadachi [0ms]
[2022-09-13T02:41:36.600Z] > git for-each-ref --sort -committerdate --format %(refname) %(objectname) %(*objectname) [4ms]
[2022-09-13T02:41:36.600Z] > git remote --verbose [1ms]
[2022-09-13T02:41:36.605Z] > git config --get commit.template [1ms]
[2022-09-13T02:41:41.625Z] > git status -z -uall [15ms]
[2022-09-13T02:41:41.631Z] > git symbolic-ref --short HEAD [2ms]
[2022-09-13T02:41:41.637Z] > git for-each-ref --format=%(refname)%00%(upstream:short)%00%(objectname)%00%(upstream:track)%00%(upstream:remotename)%00%(upstream:remoteref) refs/heads/rikuadachi refs/remotes/rikuadachi [1ms]
[2022-09-13T02:41:41.647Z] > git for-each-ref --sort -committerdate --format %(refname) %(objectname) %(*objectname) [6ms]
[2022-09-13T02:41:41.647Z] > git remote --verbose [1ms]
[2022-09-13T02:41:41.654Z] > git config --get commit.template [1ms]
[2022-09-13T02:41:42.546Z] > git ls-files --stage -- /root/gurumepy/ext_data.py [1ms]
[2022-09-13T02:41:42.552Z] > git cat-file -s 711d4a28b5fa943ae29e4d06f2f3bce5101f19b5 [1ms]
[2022-09-13T02:41:42.565Z] > git show --textconv :gurumepy/ext_data.py [2ms]
[2022-09-13T02:41:46.675Z] > git status -z -uall [15ms]
[2022-09-13T02:41:46.680Z] > git symbolic-ref --short HEAD [0ms]
[2022-09-13T02:41:46.684Z] > git for-each-ref --format=%(refname)%00%(upstream:short)%00%(objectname)%00%(upstream:track)%00%(upstream:remotename)%00%(upstream:remoteref) refs/heads/rikuadachi refs/remotes/rikuadachi [0ms]
[2022-09-13T02:41:46.692Z] > git for-each-ref --sort -committerdate --format %(refname) %(objectname) %(*objectname) [3ms]
[2022-09-13T02:41:46.693Z] > git remote --verbose [1ms]
[2022-09-13T02:41:46.699Z] > git config --get commit.template [0ms]
[2022-09-13T02:41:51.724Z] > git status -z -uall [19ms]
[2022-09-13T02:41:51.729Z] > git symbolic-ref --short HEAD [1ms]
[2022-09-13T02:41:51.734Z] > git for-each-ref --format=%(refname)%00%(upstream:short)%00%(objectname)%00%(upstream:track)%00%(upstream:remotename)%00%(upstream:remoteref) refs/heads/rikuadachi refs/remotes/rikuadachi [1ms]
[2022-09-13T02:41:51.741Z] > git for-each-ref --sort -committerdate --format %(refname) %(objectname) %(*objectname) [4ms]
[2022-09-13T02:41:51.741Z] > git remote --verbose [1ms]
[2022-09-13T02:41:51.748Z] > git config --get commit.template [1ms]
[2022-09-13T02:41:55.995Z] > git ls-files --stage -- /root/gurumepy/ext_data.py [2ms]
[2022-09-13T02:41:56.001Z] > git cat-file -s 711d4a28b5fa943ae29e4d06f2f3bce5101f19b5 [1ms]
[2022-09-13T02:41:56.013Z] > git show --textconv :gurumepy/ext_data.py [2ms]
[2022-09-13T02:41:56.767Z] > git status -z -uall [14ms]
[2022-09-13T02:41:56.773Z] > git symbolic-ref --short HEAD [0ms]
[2022-09-13T02:41:56.779Z] > git for-each-ref --format=%(refname)%00%(upstream:short)%00%(objectname)%00%(upstream:track)%00%(upstream:remotename)%00%(upstream:remoteref) refs/heads/rikuadachi refs/remotes/rikuadachi [1ms]
[2022-09-13T02:41:56.787Z] > git for-each-ref --sort -committerdate --format %(refname) %(objectname) %(*objectname) [4ms]
[2022-09-13T02:41:56.788Z] > git remote --verbose [1ms]
[2022-09-13T02:41:56.794Z] > git config --get commit.template [0ms]
[2022-09-13T02:42:01.816Z] > git status -z -uall [15ms]
[2022-09-13T02:42:01.821Z] > git symbolic-ref --short HEAD [1ms]
[2022-09-13T02:42:01.825Z] > git for-each-ref --format=%(refname)%00%(upstream:short)%00%(objectname)%00%(upstream:track)%00%(upstream:remotename)%00%(upstream:remoteref) refs/heads/rikuadachi refs/remotes/rikuadachi [0ms]
[2022-09-13T02:42:01.835Z] > git remote --verbose [1ms]
[2022-09-13T02:42:01.835Z] > git for-each-ref --sort -committerdate --format %(refname) %(objectname) %(*objectname) [5ms]
[2022-09-13T02:42:01.840Z] > git config --get commit.template [0ms]
[2022-09-13T02:42:06.863Z] > git status -z -uall [16ms]
[2022-09-13T02:42:06.869Z] > git symbolic-ref --short HEAD [1ms]
[2022-09-13T02:42:06.875Z] > git for-each-ref --format=%(refname)%00%(upstream:short)%00%(objectname)%00%(upstream:track)%00%(upstream:remotename)%00%(upstream:remoteref) refs/heads/rikuadachi refs/remotes/rikuadachi [1ms]
[2022-09-13T02:42:06.884Z] > git for-each-ref --sort -committerdate --format %(refname) %(objectname) %(*objectname) [5ms]
[2022-09-13T02:42:06.885Z] > git remote --verbose [1ms]
[2022-09-13T02:42:06.892Z] > git config --get commit.template [1ms]
[2022-09-13T02:42:11.915Z] > git status -z -uall [17ms]
[2022-09-13T02:42:11.922Z] > git symbolic-ref --short HEAD [1ms]
[2022-09-13T02:42:11.928Z] > git for-each-ref --format=%(refname)%00%(upstream:short)%00%(objectname)%00%(upstream:track)%00%(upstream:remotename)%00%(upstream:remoteref) refs/heads/rikuadachi refs/remotes/rikuadachi [2ms]
[2022-09-13T02:42:11.938Z] > git for-each-ref --sort -committerdate --format %(refname) %(objectname) %(*objectname) [6ms]
[2022-09-13T02:42:11.939Z] > git remote --verbose [3ms]
[2022-09-13T02:42:11.947Z] > git config --get commit.template [1ms]
[2022-09-13T02:42:16.973Z] > git status -z -uall [19ms]
[2022-09-13T02:42:16.980Z] > git symbolic-ref --short HEAD [1ms]
[2022-09-13T02:42:16.987Z] > git for-each-ref --format=%(refname)%00%(upstream:short)%00%(objectname)%00%(upstream:track)%00%(upstream:remotename)%00%(upstream:remoteref) refs/heads/rikuadachi refs/remotes/rikuadachi [1ms]
[2022-09-13T02:42:16.998Z] > git for-each-ref --sort -committerdate --format %(refname) %(objectname) %(*objectname) [5ms]
[2022-09-13T02:42:16.998Z] > git remote --verbose [2ms]
[2022-09-13T02:42:17.007Z] > git config --get commit.template [2ms]
[2022-09-13T02:42:33.068Z] > git status -z -uall [44ms]
[2022-09-13T02:42:33.076Z] > git symbolic-ref --short HEAD [1ms]
[2022-09-13T02:42:33.082Z] > git for-each-ref --format=%(refname)%00%(upstream:short)%00%(objectname)%00%(upstream:track)%00%(upstream:remotename)%00%(upstream:remoteref) refs/heads/rikuadachi refs/remotes/rikuadachi [1ms]
[2022-09-13T02:42:33.092Z] > git for-each-ref --sort -committerdate --format %(refname) %(objectname) %(*objectname) [5ms]
[2022-09-13T02:42:33.092Z] > git remote --verbose [1ms]
[2022-09-13T02:42:33.098Z] > git config --get commit.template [1ms]
[2022-09-13T02:42:38.123Z] > git status -z -uall [19ms]
[2022-09-13T02:42:38.130Z] > git symbolic-ref --short HEAD [1ms]
[2022-09-13T02:42:38.137Z] > git for-each-ref --format=%(refname)%00%(upstream:short)%00%(objectname)%00%(upstream:track)%00%(upstream:remotename)%00%(upstream:remoteref) refs/heads/rikuadachi refs/remotes/rikuadachi [1ms]
[2022-09-13T02:42:38.148Z] > git for-each-ref --sort -committerdate --format %(refname) %(objectname) %(*objectname) [6ms]
[2022-09-13T02:42:38.148Z] > git remote --verbose [1ms]
[2022-09-13T02:42:38.155Z] > git config --get commit.template [0ms]
[2022-09-13T02:42:52.997Z] > git status -z -uall [41ms]
[2022-09-13T02:42:53.007Z] > git symbolic-ref --short HEAD [1ms]
[2022-09-13T02:42:53.015Z] > git for-each-ref --format=%(refname)%00%(upstream:short)%00%(objectname)%00%(upstream:track)%00%(upstream:remotename)%00%(upstream:remoteref) refs/heads/rikuadachi refs/remotes/rikuadachi [1ms]
[2022-09-13T02:42:53.032Z] > git for-each-ref --sort -committerdate --format %(refname) %(objectname) %(*objectname) [9ms]
[2022-09-13T02:42:53.032Z] > git remote --verbose [2ms]
[2022-09-13T02:42:53.048Z] > git config --get commit.template [2ms]
[2022-09-13T02:42:56.542Z] > git ls-files --stage -- /root/gurumepy/ext_data.py [2ms]
[2022-09-13T02:42:56.549Z] > git cat-file -s 711d4a28b5fa943ae29e4d06f2f3bce5101f19b5 [1ms]
[2022-09-13T02:42:56.567Z] > git show --textconv :gurumepy/ext_data.py [2ms]
[2022-09-13T02:42:58.075Z] > git status -z -uall [19ms]
[2022-09-13T02:42:58.081Z] > git symbolic-ref --short HEAD [1ms]
[2022-09-13T02:42:58.089Z] > git for-each-ref --format=%(refname)%00%(upstream:short)%00%(objectname)%00%(upstream:track)%00%(upstream:remotename)%00%(upstream:remoteref) refs/heads/main refs/remotes/main [1ms]
[2022-09-13T02:42:58.099Z] > git remote --verbose [2ms]
[2022-09-13T02:42:58.099Z] > git for-each-ref --sort -committerdate --format %(refname) %(objectname) %(*objectname) [6ms]
[2022-09-13T02:42:58.110Z] > git config --get commit.template [1ms]
[2022-09-13T02:43:03.140Z] > git status -z -uall [23ms]
[2022-09-13T02:43:03.148Z] > git symbolic-ref --short HEAD [1ms]
[2022-09-13T02:43:03.155Z] > git for-each-ref --format=%(refname)%00%(upstream:short)%00%(objectname)%00%(upstream:track)%00%(upstream:remotename)%00%(upstream:remoteref) refs/heads/main refs/remotes/main [1ms]
[2022-09-13T02:43:03.164Z] > git for-each-ref --sort -committerdate --format %(refname) %(objectname) %(*objectname) [4ms]
[2022-09-13T02:43:03.164Z] > git remote --verbose [1ms]
[2022-09-13T02:43:03.174Z] > git config --get commit.template [1ms]
[2022-09-13T02:43:08.206Z] > git status -z -uall [25ms]
[2022-09-13T02:43:08.212Z] > git symbolic-ref --short HEAD [1ms]
[2022-09-13T02:43:08.219Z] > git for-each-ref --format=%(refname)%00%(upstream:short)%00%(objectname)%00%(upstream:track)%00%(upstream:remotename)%00%(upstream:remoteref) refs/heads/main refs/remotes/main [1ms]
[2022-09-13T02:43:08.229Z] > git for-each-ref --sort -committerdate --format %(refname) %(objectname) %(*objectname) [6ms]
[2022-09-13T02:43:08.230Z] > git remote --verbose [2ms]
[2022-09-13T02:43:08.236Z] > git config --get commit.template [1ms]
[2022-09-13T02:43:13.262Z] > git status -z -uall [18ms]
[2022-09-13T02:43:13.267Z] > git symbolic-ref --short HEAD [0ms]
[2022-09-13T02:43:13.274Z] > git for-each-ref --format=%(refname)%00%(upstream:short)%00%(objectname)%00%(upstream:track)%00%(upstream:remotename)%00%(upstream:remoteref) refs/heads/main refs/remotes/main [1ms]
[2022-09-13T02:43:13.281Z] > git for-each-ref --sort -committerdate --format %(refname) %(objectname) %(*objectname) [4ms]
[2022-09-13T02:43:13.282Z] > git remote --verbose [1ms]
[2022-09-13T02:43:13.289Z] > git config --get commit.template [1ms]
[2022-09-13T02:43:18.331Z] > git status -z -uall [27ms]
[2022-09-13T02:43:18.339Z] > git symbolic-ref --short HEAD [2ms]
[2022-09-13T02:43:18.345Z] > git for-each-ref --format=%(refname)%00%(upstream:short)%00%(objectname)%00%(upstream:track)%00%(upstream:remotename)%00%(upstream:remoteref) refs/heads/main refs/remotes/main [1ms]
[2022-09-13T02:43:18.356Z] > git remote --verbose [1ms]
[2022-09-13T02:43:18.357Z] > git for-each-ref --sort -committerdate --format %(refname) %(objectname) %(*objectname) [6ms]
[2022-09-13T02:43:18.364Z] > git config --get commit.template [1ms]
[2022-09-13T02:43:20.047Z] > git ls-files --stage -- /root/gurumepy/ext_data.py [1ms]
[2022-09-13T02:43:20.052Z] > git cat-file -s 711d4a28b5fa943ae29e4d06f2f3bce5101f19b5 [0ms]
[2022-09-13T02:43:20.066Z] > git show --textconv :gurumepy/ext_data.py [3ms]
[2022-09-13T02:43:23.387Z] > git status -z -uall [16ms]
[2022-09-13T02:43:23.392Z] > git symbolic-ref --short HEAD [1ms]
[2022-09-13T02:43:23.399Z] > git for-each-ref --format=%(refname)%00%(upstream:short)%00%(objectname)%00%(upstream:track)%00%(upstream:remotename)%00%(upstream:remoteref) refs/heads/main refs/remotes/main [1ms]
[2022-09-13T02:43:23.408Z] > git remote --verbose [2ms]
[2022-09-13T02:43:23.408Z] > git for-each-ref --sort -committerdate --format %(refname) %(objectname) %(*objectname) [4ms]
[2022-09-13T02:43:23.416Z] > git config --get commit.template [1ms]
[2022-09-13T02:51:11.805Z] > git status -z -uall [71ms]
[2022-09-13T02:51:11.813Z] > git symbolic-ref --short HEAD [1ms]
[2022-09-13T02:51:11.822Z] > git for-each-ref --format=%(refname)%00%(upstream:short)%00%(objectname)%00%(upstream:track)%00%(upstream:remotename)%00%(upstream:remoteref) refs/heads/main refs/remotes/main [2ms]
[2022-09-13T02:51:11.841Z] > git for-each-ref --sort -committerdate --format %(refname) %(objectname) %(*objectname) [6ms]
[2022-09-13T02:51:11.842Z] > git remote --verbose [2ms]
[2022-09-13T02:51:11.851Z] > git config --get commit.template [1ms]
[2022-09-13T02:51:45.710Z] > git status -z -uall [36ms]
[2022-09-13T02:51:45.717Z] > git symbolic-ref --short HEAD [1ms]
[2022-09-13T02:51:45.726Z] > git for-each-ref --format=%(refname)%00%(upstream:short)%00%(objectname)%00%(upstream:track)%00%(upstream:remotename)%00%(upstream:remoteref) refs/heads/main refs/remotes/main [2ms]
[2022-09-13T02:51:45.736Z] > git for-each-ref --sort -committerdate --format %(refname) %(objectname) %(*objectname) [5ms]
[2022-09-13T02:51:45.737Z] > git remote --verbose [2ms]
[2022-09-13T02:51:45.747Z] > git config --get commit.template [1ms]
[2022-09-13T02:51:47.051Z] > git ls-files --stage -- /root/gurumepy/restaurants_tokyo.csv [3ms]
[2022-09-13T02:51:47.061Z] > git cat-file -s 0ceef2a6e81beee30a25c2fb77dd32c24c48a8a3 [2ms]
[2022-09-13T02:51:47.111Z] > git show --textconv :gurumepy/restaurants_tokyo.csv [68ms]
[2022-09-13T02:51:50.781Z] > git status -z -uall [26ms]
[2022-09-13T02:51:50.789Z] > git symbolic-ref --short HEAD [2ms]
[2022-09-13T02:51:50.798Z] > git for-each-ref --format=%(refname)%00%(upstream:short)%00%(objectname)%00%(upstream:track)%00%(upstream:remotename)%00%(upstream:remoteref) refs/heads/main refs/remotes/main [2ms]
[2022-09-13T02:51:50.811Z] > git for-each-ref --sort -committerdate --format %(refname) %(objectname) %(*objectname) [5ms]
[2022-09-13T02:51:50.811Z] > git remote --verbose [2ms]
[2022-09-13T02:51:50.822Z] > git config --get commit.template [1ms]
[2022-09-13T02:51:55.856Z] > git status -z -uall [26ms]
[2022-09-13T02:51:55.863Z] > git symbolic-ref --short HEAD [2ms]
[2022-09-13T02:51:55.871Z] > git for-each-ref --format=%(refname)%00%(upstream:short)%00%(objectname)%00%(upstream:track)%00%(upstream:remotename)%00%(upstream:remoteref) refs/heads/main refs/remotes/main [1ms]
[2022-09-13T02:51:55.881Z] > git for-each-ref --sort -committerdate --format %(refname) %(objectname) %(*objectname) [6ms]
[2022-09-13T02:51:55.881Z] > git remote --verbose [2ms]
[2022-09-13T02:51:55.891Z] > git config --get commit.template [2ms]
[2022-09-13T02:52:00.920Z] > git status -z -uall [22ms]
[2022-09-13T02:52:00.928Z] > git symbolic-ref --short HEAD [2ms]
[2022-09-13T02:52:00.934Z] > git for-each-ref --format=%(refname)%00%(upstream:short)%00%(objectname)%00%(upstream:track)%00%(upstream:remotename)%00%(upstream:remoteref) refs/heads/main refs/remotes/main [1ms]
[2022-09-13T02:52:00.944Z] > git for-each-ref --sort -committerdate --format %(refname) %(objectname) %(*objectname) [5ms]
[2022-09-13T02:52:00.945Z] > git remote --verbose [2ms]
[2022-09-13T02:52:00.954Z] > git config --get commit.template [1ms]
[2022-09-13T02:52:05.981Z] > git status -z -uall [20ms]
[2022-09-13T02:52:05.986Z] > git symbolic-ref --short HEAD [1ms]
[2022-09-13T02:52:05.992Z] > git for-each-ref --format=%(refname)%00%(upstream:short)%00%(objectname)%00%(upstream:track)%00%(upstream:remotename)%00%(upstream:remoteref) refs/heads/main refs/remotes/main [1ms]
[2022-09-13T02:52:06.001Z] > git for-each-ref --sort -committerdate --format %(refname) %(objectname) %(*objectname) [4ms]
[2022-09-13T02:52:06.002Z] > git remote --verbose [1ms]
[2022-09-13T02:52:06.008Z] > git config --get commit.template [2ms]
